This is pdfTeX, Version 3.1415926-2.3-1.40.12 (MiKTeX 2.9 64-bit) (preloaded format=pdflatex 2012.10.10)  10 MAY 2013 19:36
entering extended mode
**C:/Users/Ben/Dropbox/College/CS/AI/Project*2/Writeup/Writeup.tex
("C:/Users/Ben/Dropbox/College/CS/AI/Project 2/Writeup/Writeup.tex"
LaTeX2e <2011/06/27>
Babel <v3.8m> and hyphenation patterns for english, afrikaans, ancientgreek, ar
abic, armenian, assamese, basque, bengali, bokmal, bulgarian, catalan, coptic, 
croatian, czech, danish, dutch, esperanto, estonian, farsi, finnish, french, ga
lician, german, german-x-2009-06-19, greek, gujarati, hindi, hungarian, iceland
ic, indonesian, interlingua, irish, italian, kannada, kurmanji, lao, latin, lat
vian, lithuanian, malayalam, marathi, mongolian, mongolianlmc, monogreek, ngerm
an, ngerman-x-2009-06-19, nynorsk, oriya, panjabi, pinyin, polish, portuguese, 
romanian, russian, sanskrit, serbian, slovak, slovenian, spanish, swedish, swis
sgerman, tamil, telugu, turkish, turkmen, ukenglish, ukrainian, uppersorbian, u
senglishmax, welsh, loaded.
("C:\Program Files\MiKTeX 2.9 COPY\tex\latex\base\book.cls"
Document Class: book 2007/10/19 v1.4h Standard LaTeX document class
("C:\Program Files\MiKTeX 2.9 COPY\tex\latex\base\bk10.clo"
File: bk10.clo 2007/10/19 v1.4h Standard LaTeX file (size option)
)
\c@part=\count79
\c@chapter=\count80
\c@section=\count81
\c@subsection=\count82
\c@subsubsection=\count83
\c@paragraph=\count84
\c@subparagraph=\count85
\c@figure=\count86
\c@table=\count87
\abovecaptionskip=\skip41
\belowcaptionskip=\skip42
\bibindent=\dimen102
)
("C:\Program Files\MiKTeX 2.9 COPY\tex\latex\preprint\fullpage.sty"
Package: fullpage 1999/02/23 1.1 (PWD)
\FP@margin=\skip43
)
("C:\Program Files\MiKTeX 2.9 COPY\tex\latex\graphics\graphicx.sty"
Package: graphicx 1999/02/16 v1.0f Enhanced LaTeX Graphics (DPC,SPQR)

("C:\Program Files\MiKTeX 2.9 COPY\tex\latex\graphics\keyval.sty"
Package: keyval 1999/03/16 v1.13 key=value parser (DPC)
\KV@toks@=\toks14
)
("C:\Program Files\MiKTeX 2.9 COPY\tex\latex\graphics\graphics.sty"
Package: graphics 2009/02/05 v1.0o Standard LaTeX Graphics (DPC,SPQR)

("C:\Program Files\MiKTeX 2.9 COPY\tex\latex\graphics\trig.sty"
Package: trig 1999/03/16 v1.09 sin cos tan (DPC)
)
("C:\Program Files\MiKTeX 2.9 COPY\tex\latex\00miktex\graphics.cfg"
File: graphics.cfg 2007/01/18 v1.5 graphics configuration of teTeX/TeXLive
)
Package graphics Info: Driver file: pdftex.def on input line 91.

("C:\Program Files\MiKTeX 2.9 COPY\tex\latex\pdftex-def\pdftex.def"
File: pdftex.def 2011/05/27 v0.06d Graphics/color for pdfTeX

("C:\Program Files\MiKTeX 2.9 COPY\tex\generic\oberdiek\infwarerr.sty"
Package: infwarerr 2010/04/08 v1.3 Providing info/warning/error messages (HO)
)
("C:\Program Files\MiKTeX 2.9 COPY\tex\generic\oberdiek\ltxcmds.sty"
Package: ltxcmds 2011/11/09 v1.22 LaTeX kernel commands for general use (HO)
)
\Gread@gobject=\count88
))
\Gin@req@height=\dimen103
\Gin@req@width=\dimen104
)
("C:\Users\Ben\Dropbox\College\CS\AI\Project 2\Writeup\Writeup.aux")
LaTeX Font Info:    Checking defaults for OML/cmm/m/it on input line 6.
LaTeX Font Info:    ... okay on input line 6.
LaTeX Font Info:    Checking defaults for T1/cmr/m/n on input line 6.
LaTeX Font Info:    ... okay on input line 6.
LaTeX Font Info:    Checking defaults for OT1/cmr/m/n on input line 6.
LaTeX Font Info:    ... okay on input line 6.
LaTeX Font Info:    Checking defaults for OMS/cmsy/m/n on input line 6.
LaTeX Font Info:    ... okay on input line 6.
LaTeX Font Info:    Checking defaults for OMX/cmex/m/n on input line 6.
LaTeX Font Info:    ... okay on input line 6.
LaTeX Font Info:    Checking defaults for U/cmr/m/n on input line 6.
LaTeX Font Info:    ... okay on input line 6.

("C:\Program Files\MiKTeX 2.9 COPY\tex\context\base\supp-pdf.mkii"
[Loading MPS to PDF converter (version 2006.09.02).]
\scratchcounter=\count89
\scratchdimen=\dimen105
\scratchbox=\box26
\nofMPsegments=\count90
\nofMParguments=\count91
\everyMPshowfont=\toks15
\MPscratchCnt=\count92
\MPscratchDim=\dimen106
\MPnumerator=\count93
\makeMPintoPDFobject=\count94
\everyMPtoPDFconversion=\toks16
)
LaTeX Font Info:    External font `cmex10' loaded for size
(Font)              <12> on input line 7.
LaTeX Font Info:    External font `cmex10' loaded for size
(Font)              <8> on input line 7.
LaTeX Font Info:    External font `cmex10' loaded for size
(Font)              <6> on input line 7.
 [1


{C:/ProgramData/MiKTeX/2.9/pdftex/config/pdftex.map}]
<arch.png, id=7, 963.6pt x 722.7pt>
File: arch.png Graphic file (type png)
 <use arch.png>
Package pdftex.def Info: arch.png used on input line 9.
(pdftex.def)             Requested size: 481.79883pt x 361.3491pt.

Overfull \hbox (12.04381pt too wide) in paragraph at lines 9--11
[]
 []

<function.png, id=9, 578.16pt x 431.4519pt>
File: function.png Graphic file (type png)
 <use function.png>
Package pdftex.def Info: function.png used on input line 12.
(pdftex.def)             Requested size: 260.16959pt x 194.15157pt.

<training.png, id=10, 578.16pt x 431.4519pt>
File: training.png Graphic file (type png)
 <use training.png>
Package pdftex.def Info: training.png used on input line 13.
(pdftex.def)             Requested size: 260.16959pt x 194.15157pt.

Overfull \hbox (52.80637pt too wide) in paragraph at lines 12--15
[] []
 []


Underfull \vbox (badness 10000) has occurred while \output is active []

 [2 <C:/Users/Ben/Dropbox/College/CS/AI/Project 2/Writeup/arch.png>]
Underfull \hbox (badness 10000) in paragraph at lines 16--198

 []


Underfull \hbox (badness 10000) in paragraph at lines 16--198

 []


Underfull \hbox (badness 10000) in paragraph at lines 16--198

 []

[3 <C:/Users/Ben/Dropbox/College/CS/AI/Project 2/Writeup/function.png> <C:/User
s/Ben/Dropbox/College/CS/AI/Project 2/Writeup/training.png>]
Underfull \vbox (badness 10000) has occurred while \output is active []

 [4]
<0classregions.png, id=25, 578.16pt x 433.62pt>
File: 0classregions.png Graphic file (type png)
 <use 0classregions.png>
Package pdftex.def Info: 0classregions.png used on input line 200.
(pdftex.def)             Requested size: 144.53964pt x 108.40472pt.

<10classregions.png, id=26, 578.16pt x 433.62pt>
File: 10classregions.png Graphic file (type png)
 <use 10classregions.png>
Package pdftex.def Info: 10classregions.png used on input line 201.
(pdftex.def)             Requested size: 144.53964pt x 108.40472pt.

<100classregions.png, id=27, 578.16pt x 433.62pt>
File: 100classregions.png Graphic file (type png)
 <use 100classregions.png>
Package pdftex.def Info: 100classregions.png used on input line 202.
(pdftex.def)             Requested size: 144.53964pt x 108.40472pt.

<1000classregions.png, id=28, 578.16pt x 433.62pt>
File: 1000classregions.png Graphic file (type png)
 <use 1000classregions.png>
Package pdftex.def Info: 1000classregions.png used on input line 204.
(pdftex.def)             Requested size: 144.53964pt x 108.40472pt.

<10000classregions.png, id=29, 578.16pt x 433.62pt>
File: 10000classregions.png Graphic file (type png)

<use 10000classregions.png>
Package pdftex.def Info: 10000classregions.png used on input line 205.
(pdftex.def)             Requested size: 144.53964pt x 108.40472pt.
 <10000iters.png, id=30, 578.16pt x 431.4519pt>
File: 10000iters.png Graphic file (type png)

<use 10000iters.png>
Package pdftex.def Info: 10000iters.png used on input line 209.
(pdftex.def)             Requested size: 260.16959pt x 194.15157pt.
 <error.png, id=31, 578.16pt x 431.4519pt>
File: error.png Graphic file (type png)
 <use error.png>
Package pdftex.def Info: error.png used on input line 210.
(pdftex.def)             Requested size: 260.16959pt x 194.15157pt.

Overfull \hbox (52.80637pt too wide) in paragraph at lines 208--211
[] [] 
 []


Underfull \vbox (badness 10000) has occurred while \output is active []

 [5 <C:/Users/Ben/Dropbox/College/CS/AI/Project 2/Writeup/0classregions.png> <C
:/Users/Ben/Dropbox/College/CS/AI/Project 2/Writeup/10classregions.png> <C:/Use
rs/Ben/Dropbox/College/CS/AI/Project 2/Writeup/100classregions.png> <C:/Users/B
en/Dropbox/College/CS/AI/Project 2/Writeup/1000classregions.png> <C:/Users/Ben/
Dropbox/College/CS/AI/Project 2/Writeup/10000classregions.png>] [6 <C:/Users/Be
n/Dropbox/College/CS/AI/Project 2/Writeup/10000iters.png> <C:/Users/Ben/Dropbox
/College/CS/AI/Project 2/Writeup/error.png>]
("C:\Users\Ben\Dropbox\College\CS\AI\Project 2\Writeup\Writeup.aux") ) 
Here is how much of TeX's memory you used:
 1216 strings out of 494045
 16500 string characters out of 3146377
 70312 words of memory out of 3000000
 4537 multiletter control sequences out of 15000+200000
 7587 words of font info for 27 fonts, out of 3000000 for 9000
 715 hyphenation exceptions out of 8191
 27i,6n,19p,1184b,179s stack positions out of 5000i,500n,10000p,200000b,50000s
<C:/Progr
am Files/MiKTeX 2.9 COPY/fonts/type1/public/amsfonts/cm/cmbx12.pfb><C:/Program 
Files/MiKTeX 2.9 COPY/fonts/type1/public/amsfonts/cm/cmr10.pfb><C:/Program File
s/MiKTeX 2.9 COPY/fonts/type1/public/amsfonts/cm/cmr12.pfb><C:/Program Files/Mi
KTeX 2.9 COPY/fonts/type1/public/amsfonts/cm/cmr17.pfb>
Output written on Writeup.pdf (6 pages, 244763 bytes).
PDF statistics:
 58 PDF objects out of 1000 (max. 8388607)
 0 named destinations out of 1000 (max. 500000)
 51 words of extra memory for PDF output out of 10000 (max. 10000000)

